         2827 function calls (2804 primitive calls) in 0.004 seconds

   Ordered by: cumulative time
   List reduced from 383 to 2 due to restriction <2>

   ncalls  tottime  percall  cumtime  percall filename:lineno(function)
        1    0.000    0.000    0.002    0.002 /home/marcello/anaconda3/lib/python3.6/site-packages/pandas/io/parsers.py:503(parser_f)
        1    0.000    0.000    0.002    0.002 /home/marcello/anaconda3/lib/python3.6/site-packages/pandas/io/parsers.py:382(_read)



         423 function calls in 0.001 seconds

   Ordered by: cumulative time
   List reduced from 44 to 2 due to restriction <2>

   ncalls  tottime  percall  cumtime  percall filename:lineno(function)
        1    0.000    0.000    0.001    0.001 demo.py:51(csvToDb)
        1    0.000    0.000    0.001    0.001 {method 'executemany' of 'sqlite3.Cursor' objects}



61.75.73.233 | 61.75.73.233
140.135.125.62 | 140.135.125.62
198.116.8.254 | 198.116.8.254
240.193.252.193 | 240.193.252.193
     PASSED
email company name
------------------
keble29@usatoday.com Wordware Karly
dkobud@google.es Wikivu Durand
keble29@usatoday.com Dabshots Karly
         80779 function calls (80775 primitive calls) in 0.047 seconds

   Ordered by: cumulative time
   List reduced from 89 to 2 due to restriction <2>

   ncalls  tottime  percall  cumtime  percall filename:lineno(function)
     1001    0.001    0.000    0.035    0.000 /home/marcello/anaconda3/lib/python3.6/site-packages/pandas/core/series.py:1049(__iter__)
     1001    0.002    0.000    0.031    0.000 /home/marcello/anaconda3/lib/python3.6/site-packages/pandas/core/dtypes/common.py:609(is_datetimelike)



email company name
------------------
keble29@usatoday.com Wordware Karly
dkobud@google.es Wikivu Durand
keble29@usatoday.com Dabshots Karly
         4130 function calls (4062 primitive calls) in 0.004 seconds

   Ordered by: cumulative time
   List reduced from 254 to 2 due to restriction <2>

   ncalls  tottime  percall  cumtime  percall filename:lineno(function)
       15    0.000    0.000    0.003    0.000 /home/marcello/anaconda3/lib/python3.6/site-packages/pandas/core/frame.py:1940(__getitem__)
        5    0.000    0.000    0.002    0.000 /home/marcello/anaconda3/lib/python3.6/site-packages/pandas/core/frame.py:1983(_getitem_array)



[('email', 'company', 'last_name'), ('dkobud@google.es', 'Wikivu', 'Kobu'), ('keble29@usatoday.com', 'Dabshots', 'Eble'), ('keble29@usatoday.com', 'Wordware', 'Eble')]
         3468 function calls in 0.007 seconds

   Ordered by: cumulative time
   List reduced from 34 to 2 due to restriction <2>

   ncalls  tottime  percall  cumtime  percall filename:lineno(function)
        2    0.000    0.000    0.005    0.003 demo.py:51(csvToDb)
        2    0.003    0.002    0.005    0.002 {method 'executemany' of 'sqlite3.Cursor' objects}



